{"/home/ten/ruby_project/memo_dock/lib/alt/test/built/src/actions/memo.js":{"path":"/home/ten/ruby_project/memo_dock/lib/alt/test/built/src/actions/memo.js","s":{"1":1,"2":1,"3":1,"4":1,"5":1,"6":0,"7":0,"8":0,"9":0,"10":1,"11":1,"12":1,"13":1,"14":1,"15":0,"16":1,"17":1,"18":1,"19":1,"20":1,"21":0,"22":0,"23":0,"24":0,"25":0,"26":0,"27":0,"28":1,"29":1,"30":0,"31":0,"32":0},"b":{"1":[0,0],"2":[1,0],"3":[0,0],"4":[0,0],"5":[0,0]},"f":{"1":1,"2":0,"3":0,"4":1,"5":0,"6":1,"7":0,"8":0,"9":0,"10":0},"fnMap":{"1":{"name":"show","line":4,"loc":{"start":{"line":4,"column":0},"end":{"line":4,"column":22}}},"2":{"name":"(anonymous_2)","line":5,"loc":{"start":{"line":5,"column":11},"end":{"line":5,"column":31}}},"3":{"name":"(anonymous_3)","line":8,"loc":{"start":{"line":8,"column":17},"end":{"line":8,"column":37}}},"4":{"name":"showMemoData","line":19,"loc":{"start":{"line":19,"column":0},"end":{"line":19,"column":28}}},"5":{"name":"remove","line":23,"loc":{"start":{"line":23,"column":0},"end":{"line":23,"column":18}}},"6":{"name":"index","line":27,"loc":{"start":{"line":27,"column":0},"end":{"line":27,"column":29}}},"7":{"name":"(anonymous_7)","line":29,"loc":{"start":{"line":29,"column":11},"end":{"line":29,"column":31}}},"8":{"name":"(anonymous_8)","line":34,"loc":{"start":{"line":34,"column":17},"end":{"line":34,"column":37}}},"9":{"name":"(anonymous_9)","line":39,"loc":{"start":{"line":39,"column":41},"end":{"line":39,"column":57}}},"10":{"name":"indexSupport","line":48,"loc":{"start":{"line":48,"column":0},"end":{"line":48,"column":29}}}},"statementMap":{"1":{"start":{"line":1,"column":0},"end":{"line":1,"column":48}},"2":{"start":{"line":2,"column":0},"end":{"line":2,"column":49}},"3":{"start":{"line":3,"column":0},"end":{"line":3,"column":36}},"4":{"start":{"line":4,"column":0},"end":{"line":17,"column":1}},"5":{"start":{"line":5,"column":4},"end":{"line":16,"column":6}},"6":{"start":{"line":6,"column":8},"end":{"line":15,"column":11}},"7":{"start":{"line":9,"column":12},"end":{"line":14,"column":13}},"8":{"start":{"line":10,"column":16},"end":{"line":10,"column":68}},"9":{"start":{"line":13,"column":16},"end":{"line":13,"column":74}},"10":{"start":{"line":18,"column":0},"end":{"line":18,"column":20}},"11":{"start":{"line":19,"column":0},"end":{"line":21,"column":1}},"12":{"start":{"line":20,"column":4},"end":{"line":20,"column":48}},"13":{"start":{"line":22,"column":0},"end":{"line":22,"column":36}},"14":{"start":{"line":23,"column":0},"end":{"line":25,"column":1}},"15":{"start":{"line":24,"column":4},"end":{"line":24,"column":38}},"16":{"start":{"line":26,"column":0},"end":{"line":26,"column":24}},"17":{"start":{"line":27,"column":0},"end":{"line":46,"column":1}},"18":{"start":{"line":28,"column":4},"end":{"line":28,"column":55}},"19":{"start":{"line":28,"column":35},"end":{"line":28,"column":53}},"20":{"start":{"line":29,"column":4},"end":{"line":45,"column":6}},"21":{"start":{"line":30,"column":8},"end":{"line":30,"column":73}},"22":{"start":{"line":31,"column":8},"end":{"line":44,"column":11}},"23":{"start":{"line":35,"column":12},"end":{"line":43,"column":13}},"24":{"start":{"line":36,"column":16},"end":{"line":36,"column":33}},"25":{"start":{"line":39,"column":16},"end":{"line":41,"column":19}},"26":{"start":{"line":40,"column":20},"end":{"line":40,"column":57}},"27":{"start":{"line":42,"column":16},"end":{"line":42,"column":46}},"28":{"start":{"line":47,"column":0},"end":{"line":47,"column":22}},"29":{"start":{"line":48,"column":0},"end":{"line":51,"column":1}},"30":{"start":{"line":49,"column":4},"end":{"line":49,"column":41}},"31":{"start":{"line":49,"column":28},"end":{"line":49,"column":39}},"32":{"start":{"line":50,"column":4},"end":{"line":50,"column":51}}},"branchMap":{"1":{"line":9,"type":"if","locations":[{"start":{"line":9,"column":12},"end":{"line":9,"column":12}},{"start":{"line":9,"column":12},"end":{"line":9,"column":12}}]},"2":{"line":28,"type":"if","locations":[{"start":{"line":28,"column":4},"end":{"line":28,"column":4}},{"start":{"line":28,"column":4},"end":{"line":28,"column":4}}]},"3":{"line":30,"type":"cond-expr","locations":[{"start":{"line":30,"column":43},"end":{"line":30,"column":65}},{"start":{"line":30,"column":68},"end":{"line":30,"column":72}}]},"4":{"line":35,"type":"if","locations":[{"start":{"line":35,"column":12},"end":{"line":35,"column":12}},{"start":{"line":35,"column":12},"end":{"line":35,"column":12}}]},"5":{"line":49,"type":"if","locations":[{"start":{"line":49,"column":4},"end":{"line":49,"column":4}},{"start":{"line":49,"column":4},"end":{"line":49,"column":4}}]}}},"/home/ten/ruby_project/memo_dock/lib/alt/test/built/src/constants/action-types.js":{"path":"/home/ten/ruby_project/memo_dock/lib/alt/test/built/src/constants/action-types.js","s":{"1":1,"2":1,"3":1,"4":1,"5":1,"6":1},"b":{},"f":{},"fnMap":{},"statementMap":{"1":{"start":{"line":1,"column":0},"end":{"line":1,"column":32}},"2":{"start":{"line":2,"column":0},"end":{"line":2,"column":30}},"3":{"start":{"line":3,"column":0},"end":{"line":3,"column":34}},"4":{"start":{"line":4,"column":0},"end":{"line":4,"column":34}},"5":{"start":{"line":5,"column":0},"end":{"line":5,"column":32}},"6":{"start":{"line":6,"column":0},"end":{"line":6,"column":36}}},"branchMap":{}},"/home/ten/ruby_project/memo_dock/lib/alt/test/built/src/models/memo-data.js":{"path":"/home/ten/ruby_project/memo_dock/lib/alt/test/built/src/models/memo-data.js","s":{"1":1,"2":1,"3":1,"4":1,"5":1,"6":1,"7":1,"8":1,"9":1,"10":1,"11":1,"12":0,"13":0,"14":0,"15":0,"16":0,"17":0,"18":0,"19":0,"20":1,"21":1,"22":1},"b":{"1":[1,0],"2":[1,0],"3":[0,0]},"f":{"1":1,"2":1,"3":0,"4":0},"fnMap":{"1":{"name":"(anonymous_1)","line":2,"loc":{"start":{"line":2,"column":16},"end":{"line":2,"column":28}}},"2":{"name":"MemoData","line":3,"loc":{"start":{"line":3,"column":4},"end":{"line":3,"column":28}}},"3":{"name":"(anonymous_3)","line":16,"loc":{"start":{"line":16,"column":41},"end":{"line":16,"column":56}}},"4":{"name":"(anonymous_4)","line":17,"loc":{"start":{"line":17,"column":41},"end":{"line":17,"column":56}}}},"statementMap":{"1":{"start":{"line":1,"column":0},"end":{"line":1,"column":39}},"2":{"start":{"line":2,"column":0},"end":{"line":21,"column":5}},"3":{"start":{"line":3,"column":4},"end":{"line":19,"column":5}},"4":{"start":{"line":4,"column":8},"end":{"line":4,"column":45}},"5":{"start":{"line":4,"column":31},"end":{"line":4,"column":43}},"6":{"start":{"line":5,"column":8},"end":{"line":5,"column":24}},"7":{"start":{"line":6,"column":8},"end":{"line":6,"column":23}},"8":{"start":{"line":7,"column":8},"end":{"line":7,"column":23}},"9":{"start":{"line":8,"column":8},"end":{"line":8,"column":26}},"10":{"start":{"line":9,"column":8},"end":{"line":11,"column":9}},"11":{"start":{"line":10,"column":12},"end":{"line":10,"column":19}},"12":{"start":{"line":12,"column":8},"end":{"line":12,"column":30}},"13":{"start":{"line":13,"column":8},"end":{"line":13,"column":35}},"14":{"start":{"line":14,"column":8},"end":{"line":14,"column":33}},"15":{"start":{"line":15,"column":8},"end":{"line":18,"column":9}},"16":{"start":{"line":16,"column":12},"end":{"line":16,"column":97}},"17":{"start":{"line":16,"column":58},"end":{"line":16,"column":93}},"18":{"start":{"line":17,"column":12},"end":{"line":17,"column":89}},"19":{"start":{"line":17,"column":58},"end":{"line":17,"column":74}},"20":{"start":{"line":20,"column":4},"end":{"line":20,"column":20}},"21":{"start":{"line":22,"column":0},"end":{"line":22,"column":62}},"22":{"start":{"line":23,"column":0},"end":{"line":23,"column":27}}},"branchMap":{"1":{"line":4,"type":"if","locations":[{"start":{"line":4,"column":8},"end":{"line":4,"column":8}},{"start":{"line":4,"column":8},"end":{"line":4,"column":8}}]},"2":{"line":9,"type":"if","locations":[{"start":{"line":9,"column":8},"end":{"line":9,"column":8}},{"start":{"line":9,"column":8},"end":{"line":9,"column":8}}]},"3":{"line":15,"type":"if","locations":[{"start":{"line":15,"column":8},"end":{"line":15,"column":8}},{"start":{"line":15,"column":8},"end":{"line":15,"column":8}}]}}},"/home/ten/ruby_project/memo_dock/lib/alt/test/built/src/models/tag-data.js":{"path":"/home/ten/ruby_project/memo_dock/lib/alt/test/built/src/models/tag-data.js","s":{"1":1,"2":1,"3":0,"4":0,"5":1,"6":1,"7":1},"b":{},"f":{"1":1,"2":0},"fnMap":{"1":{"name":"(anonymous_1)","line":1,"loc":{"start":{"line":1,"column":15},"end":{"line":1,"column":27}}},"2":{"name":"TagData","line":2,"loc":{"start":{"line":2,"column":4},"end":{"line":2,"column":27}}}},"statementMap":{"1":{"start":{"line":1,"column":0},"end":{"line":7,"column":5}},"2":{"start":{"line":2,"column":4},"end":{"line":5,"column":5}},"3":{"start":{"line":3,"column":8},"end":{"line":3,"column":30}},"4":{"start":{"line":4,"column":8},"end":{"line":4,"column":33}},"5":{"start":{"line":6,"column":4},"end":{"line":6,"column":19}},"6":{"start":{"line":8,"column":0},"end":{"line":8,"column":62}},"7":{"start":{"line":9,"column":0},"end":{"line":9,"column":26}}},"branchMap":{}},"/home/ten/ruby_project/memo_dock/lib/alt/test/built/src/actions/tag.js":{"path":"/home/ten/ruby_project/memo_dock/lib/alt/test/built/src/actions/tag.js","s":{"1":0,"2":0,"3":0,"4":0,"5":0,"6":0,"7":0,"8":0,"9":0,"10":0,"11":0,"12":0,"13":0,"14":0,"15":0,"16":0,"17":0,"18":0,"19":0,"20":0,"21":0,"22":0,"23":0,"24":0,"25":0,"26":0},"b":{"1":[0,0],"2":[0,0],"3":[0,0],"4":[0,0],"5":[0,0]},"f":{"1":0,"2":0,"3":0,"4":0,"5":0,"6":0},"fnMap":{"1":{"name":"index","line":5,"loc":{"start":{"line":5,"column":0},"end":{"line":5,"column":29}}},"2":{"name":"(anonymous_2)","line":7,"loc":{"start":{"line":7,"column":11},"end":{"line":7,"column":31}}},"3":{"name":"(anonymous_3)","line":13,"loc":{"start":{"line":13,"column":17},"end":{"line":13,"column":37}}},"4":{"name":"(anonymous_4)","line":18,"loc":{"start":{"line":18,"column":40},"end":{"line":18,"column":55}}},"5":{"name":"indexSucceed","line":27,"loc":{"start":{"line":27,"column":0},"end":{"line":27,"column":28}}},"6":{"name":"selectTag","line":31,"loc":{"start":{"line":31,"column":0},"end":{"line":31,"column":27}}}},"statementMap":{"1":{"start":{"line":1,"column":0},"end":{"line":1,"column":48}},"2":{"start":{"line":2,"column":0},"end":{"line":2,"column":47}},"3":{"start":{"line":3,"column":0},"end":{"line":3,"column":36}},"4":{"start":{"line":4,"column":0},"end":{"line":4,"column":35}},"5":{"start":{"line":5,"column":0},"end":{"line":25,"column":1}},"6":{"start":{"line":6,"column":4},"end":{"line":6,"column":55}},"7":{"start":{"line":6,"column":35},"end":{"line":6,"column":53}},"8":{"start":{"line":7,"column":4},"end":{"line":24,"column":6}},"9":{"start":{"line":8,"column":8},"end":{"line":8,"column":42}},"10":{"start":{"line":9,"column":8},"end":{"line":9,"column":49}},"11":{"start":{"line":10,"column":8},"end":{"line":10,"column":73}},"12":{"start":{"line":11,"column":8},"end":{"line":23,"column":11}},"13":{"start":{"line":14,"column":12},"end":{"line":22,"column":13}},"14":{"start":{"line":15,"column":16},"end":{"line":15,"column":33}},"15":{"start":{"line":18,"column":16},"end":{"line":20,"column":19}},"16":{"start":{"line":19,"column":20},"end":{"line":19,"column":55}},"17":{"start":{"line":21,"column":16},"end":{"line":21,"column":45}},"18":{"start":{"line":26,"column":0},"end":{"line":26,"column":22}},"19":{"start":{"line":27,"column":0},"end":{"line":30,"column":1}},"20":{"start":{"line":28,"column":4},"end":{"line":28,"column":39}},"21":{"start":{"line":28,"column":27},"end":{"line":28,"column":37}},"22":{"start":{"line":29,"column":4},"end":{"line":29,"column":48}},"23":{"start":{"line":31,"column":0},"end":{"line":34,"column":1}},"24":{"start":{"line":32,"column":4},"end":{"line":32,"column":43}},"25":{"start":{"line":32,"column":29},"end":{"line":32,"column":41}},"26":{"start":{"line":33,"column":4},"end":{"line":33,"column":53}}},"branchMap":{"1":{"line":6,"type":"if","locations":[{"start":{"line":6,"column":4},"end":{"line":6,"column":4}},{"start":{"line":6,"column":4},"end":{"line":6,"column":4}}]},"2":{"line":10,"type":"cond-expr","locations":[{"start":{"line":10,"column":43},"end":{"line":10,"column":65}},{"start":{"line":10,"column":68},"end":{"line":10,"column":72}}]},"3":{"line":14,"type":"if","locations":[{"start":{"line":14,"column":12},"end":{"line":14,"column":12}},{"start":{"line":14,"column":12},"end":{"line":14,"column":12}}]},"4":{"line":28,"type":"if","locations":[{"start":{"line":28,"column":4},"end":{"line":28,"column":4}},{"start":{"line":28,"column":4},"end":{"line":28,"column":4}}]},"5":{"line":32,"type":"if","locations":[{"start":{"line":32,"column":4},"end":{"line":32,"column":4}},{"start":{"line":32,"column":4},"end":{"line":32,"column":4}}]}}},"/home/ten/ruby_project/memo_dock/lib/alt/test/built/src/components/memo.js":{"path":"/home/ten/ruby_project/memo_dock/lib/alt/test/built/src/components/memo.js","s":{"1":0,"2":0,"3":0,"4":0,"5":0,"6":0,"7":0,"8":0,"9":0,"10":0,"11":0,"12":0,"13":0,"14":0,"15":0,"16":0,"17":0,"18":0,"19":0,"20":0,"21":0,"22":0,"23":0,"24":0,"25":0,"26":0,"27":0,"28":0},"b":{"1":[0,0,0],"2":[0,0],"3":[0,0],"4":[0,0]},"f":{"1":0,"2":0,"3":0,"4":0,"5":0,"6":0,"7":0,"8":0},"fnMap":{"1":{"name":"(anonymous_1)","line":1,"loc":{"start":{"line":1,"column":44},"end":{"line":1,"column":60}}},"2":{"name":"__","line":3,"loc":{"start":{"line":3,"column":4},"end":{"line":3,"column":18}}},"3":{"name":"(anonymous_3)","line":8,"loc":{"start":{"line":8,"column":12},"end":{"line":8,"column":30}}},"4":{"name":"Memo","line":10,"loc":{"start":{"line":10,"column":4},"end":{"line":10,"column":20}}},"5":{"name":"(anonymous_5)","line":13,"loc":{"start":{"line":13,"column":40},"end":{"line":13,"column":52}}},"6":{"name":"(anonymous_6)","line":17,"loc":{"start":{"line":17,"column":34},"end":{"line":17,"column":46}}},"7":{"name":"(anonymous_7)","line":19,"loc":{"start":{"line":19,"column":40},"end":{"line":19,"column":59}}},"8":{"name":"(anonymous_8)","line":23,"loc":{"start":{"line":23,"column":28},"end":{"line":23,"column":40}}}},"statementMap":{"1":{"start":{"line":1,"column":0},"end":{"line":5,"column":2}},"2":{"start":{"line":2,"column":4},"end":{"line":2,"column":58}},"3":{"start":{"line":2,"column":21},"end":{"line":2,"column":58}},"4":{"start":{"line":2,"column":46},"end":{"line":2,"column":58}},"5":{"start":{"line":3,"column":4},"end":{"line":3,"column":43}},"6":{"start":{"line":3,"column":20},"end":{"line":3,"column":41}},"7":{"start":{"line":4,"column":4},"end":{"line":4,"column":89}},"8":{"start":{"line":6,"column":0},"end":{"line":6,"column":29}},"9":{"start":{"line":7,"column":0},"end":{"line":7,"column":43}},"10":{"start":{"line":8,"column":0},"end":{"line":31,"column":20}},"11":{"start":{"line":9,"column":4},"end":{"line":9,"column":28}},"12":{"start":{"line":10,"column":4},"end":{"line":12,"column":5}},"13":{"start":{"line":11,"column":8},"end":{"line":11,"column":38}},"14":{"start":{"line":13,"column":4},"end":{"line":16,"column":6}},"15":{"start":{"line":14,"column":8},"end":{"line":14,"column":45}},"16":{"start":{"line":15,"column":8},"end":{"line":15,"column":32}},"17":{"start":{"line":17,"column":4},"end":{"line":22,"column":6}},"18":{"start":{"line":18,"column":8},"end":{"line":18,"column":25}},"19":{"start":{"line":19,"column":8},"end":{"line":21,"column":11}},"20":{"start":{"line":20,"column":12},"end":{"line":20,"column":212}},"21":{"start":{"line":23,"column":4},"end":{"line":29,"column":6}},"22":{"start":{"line":24,"column":8},"end":{"line":24,"column":102}},"23":{"start":{"line":25,"column":8},"end":{"line":27,"column":9}},"24":{"start":{"line":26,"column":12},"end":{"line":26,"column":66}},"25":{"start":{"line":28,"column":8},"end":{"line":28,"column":505}},"26":{"start":{"line":30,"column":4},"end":{"line":30,"column":16}},"27":{"start":{"line":32,"column":0},"end":{"line":32,"column":62}},"28":{"start":{"line":33,"column":0},"end":{"line":33,"column":23}}},"branchMap":{"1":{"line":1,"type":"binary-expr","locations":[{"start":{"line":1,"column":17},"end":{"line":1,"column":21}},{"start":{"line":1,"column":25},"end":{"line":1,"column":39}},{"start":{"line":1,"column":44},"end":{"line":5,"column":1}}]},"2":{"line":2,"type":"if","locations":[{"start":{"line":2,"column":21},"end":{"line":2,"column":21}},{"start":{"line":2,"column":21},"end":{"line":2,"column":21}}]},"3":{"line":4,"type":"cond-expr","locations":[{"start":{"line":4,"column":31},"end":{"line":4,"column":47}},{"start":{"line":4,"column":51},"end":{"line":4,"column":87}}]},"4":{"line":25,"type":"if","locations":[{"start":{"line":25,"column":8},"end":{"line":25,"column":8}},{"start":{"line":25,"column":8},"end":{"line":25,"column":8}}]}}},"/home/ten/ruby_project/memo_dock/lib/alt/test/built/src/components/portal.js":{"path":"/home/ten/ruby_project/memo_dock/lib/alt/test/built/src/components/portal.js","s":{"1":0,"2":0,"3":0,"4":0,"5":0,"6":0,"7":0,"8":0,"9":0,"10":0,"11":0,"12":0,"13":0,"14":0,"15":0,"16":0,"17":0},"b":{"1":[0,0,0],"2":[0,0],"3":[0,0]},"f":{"1":0,"2":0,"3":0,"4":0,"5":0},"fnMap":{"1":{"name":"(anonymous_1)","line":1,"loc":{"start":{"line":1,"column":44},"end":{"line":1,"column":60}}},"2":{"name":"__","line":3,"loc":{"start":{"line":3,"column":4},"end":{"line":3,"column":18}}},"3":{"name":"(anonymous_3)","line":7,"loc":{"start":{"line":7,"column":14},"end":{"line":7,"column":32}}},"4":{"name":"Portal","line":9,"loc":{"start":{"line":9,"column":4},"end":{"line":9,"column":22}}},"5":{"name":"(anonymous_5)","line":12,"loc":{"start":{"line":12,"column":30},"end":{"line":12,"column":42}}}},"statementMap":{"1":{"start":{"line":1,"column":0},"end":{"line":5,"column":2}},"2":{"start":{"line":2,"column":4},"end":{"line":2,"column":58}},"3":{"start":{"line":2,"column":21},"end":{"line":2,"column":58}},"4":{"start":{"line":2,"column":46},"end":{"line":2,"column":58}},"5":{"start":{"line":3,"column":4},"end":{"line":3,"column":43}},"6":{"start":{"line":3,"column":20},"end":{"line":3,"column":41}},"7":{"start":{"line":4,"column":4},"end":{"line":4,"column":89}},"8":{"start":{"line":6,"column":0},"end":{"line":6,"column":29}},"9":{"start":{"line":7,"column":0},"end":{"line":16,"column":20}},"10":{"start":{"line":8,"column":4},"end":{"line":8,"column":30}},"11":{"start":{"line":9,"column":4},"end":{"line":11,"column":5}},"12":{"start":{"line":10,"column":8},"end":{"line":10,"column":38}},"13":{"start":{"line":12,"column":4},"end":{"line":14,"column":6}},"14":{"start":{"line":13,"column":8},"end":{"line":13,"column":154}},"15":{"start":{"line":15,"column":4},"end":{"line":15,"column":18}},"16":{"start":{"line":17,"column":0},"end":{"line":17,"column":62}},"17":{"start":{"line":18,"column":0},"end":{"line":18,"column":25}}},"branchMap":{"1":{"line":1,"type":"binary-expr","locations":[{"start":{"line":1,"column":17},"end":{"line":1,"column":21}},{"start":{"line":1,"column":25},"end":{"line":1,"column":39}},{"start":{"line":1,"column":44},"end":{"line":5,"column":1}}]},"2":{"line":2,"type":"if","locations":[{"start":{"line":2,"column":21},"end":{"line":2,"column":21}},{"start":{"line":2,"column":21},"end":{"line":2,"column":21}}]},"3":{"line":4,"type":"cond-expr","locations":[{"start":{"line":4,"column":31},"end":{"line":4,"column":47}},{"start":{"line":4,"column":51},"end":{"line":4,"column":87}}]}}},"/home/ten/ruby_project/memo_dock/lib/alt/test/built/src/components/tag-list.js":{"path":"/home/ten/ruby_project/memo_dock/lib/alt/test/built/src/components/tag-list.js","s":{"1":0,"2":0,"3":0,"4":0,"5":0,"6":0,"7":0,"8":0,"9":0,"10":0,"11":0,"12":0,"13":0,"14":0,"15":0,"16":0,"17":0,"18":0,"19":0,"20":0,"21":0,"22":0,"23":0,"24":0,"25":0,"26":0,"27":0,"28":0,"29":0,"30":0,"31":0,"32":0,"33":0,"34":0,"35":0,"36":0},"b":{"1":[0,0,0],"2":[0,0],"3":[0,0],"4":[0,0]},"f":{"1":0,"2":0,"3":0,"4":0,"5":0,"6":0,"7":0,"8":0,"9":0,"10":0,"11":0},"fnMap":{"1":{"name":"(anonymous_1)","line":1,"loc":{"start":{"line":1,"column":44},"end":{"line":1,"column":60}}},"2":{"name":"__","line":3,"loc":{"start":{"line":3,"column":4},"end":{"line":3,"column":18}}},"3":{"name":"(anonymous_3)","line":8,"loc":{"start":{"line":8,"column":15},"end":{"line":8,"column":33}}},"4":{"name":"TagList","line":10,"loc":{"start":{"line":10,"column":4},"end":{"line":10,"column":23}}},"5":{"name":"(anonymous_5)","line":13,"loc":{"start":{"line":13,"column":35},"end":{"line":13,"column":49}}},"6":{"name":"(anonymous_6)","line":16,"loc":{"start":{"line":16,"column":31},"end":{"line":16,"column":45}}},"7":{"name":"(anonymous_7)","line":19,"loc":{"start":{"line":19,"column":43},"end":{"line":19,"column":57}}},"8":{"name":"(anonymous_8)","line":30,"loc":{"start":{"line":30,"column":37},"end":{"line":30,"column":49}}},"9":{"name":"(anonymous_9)","line":33,"loc":{"start":{"line":33,"column":24},"end":{"line":33,"column":39}}},"10":{"name":"(anonymous_10)","line":34,"loc":{"start":{"line":34,"column":257},"end":{"line":34,"column":269}}},"11":{"name":"(anonymous_11)","line":37,"loc":{"start":{"line":37,"column":31},"end":{"line":37,"column":43}}}},"statementMap":{"1":{"start":{"line":1,"column":0},"end":{"line":5,"column":2}},"2":{"start":{"line":2,"column":4},"end":{"line":2,"column":58}},"3":{"start":{"line":2,"column":21},"end":{"line":2,"column":58}},"4":{"start":{"line":2,"column":46},"end":{"line":2,"column":58}},"5":{"start":{"line":3,"column":4},"end":{"line":3,"column":43}},"6":{"start":{"line":3,"column":20},"end":{"line":3,"column":41}},"7":{"start":{"line":4,"column":4},"end":{"line":4,"column":89}},"8":{"start":{"line":6,"column":0},"end":{"line":6,"column":26}},"9":{"start":{"line":7,"column":0},"end":{"line":7,"column":29}},"10":{"start":{"line":8,"column":0},"end":{"line":42,"column":20}},"11":{"start":{"line":9,"column":4},"end":{"line":9,"column":31}},"12":{"start":{"line":10,"column":4},"end":{"line":12,"column":5}},"13":{"start":{"line":11,"column":8},"end":{"line":11,"column":38}},"14":{"start":{"line":13,"column":4},"end":{"line":15,"column":6}},"15":{"start":{"line":14,"column":8},"end":{"line":14,"column":56}},"16":{"start":{"line":16,"column":4},"end":{"line":18,"column":6}},"17":{"start":{"line":17,"column":8},"end":{"line":17,"column":62}},"18":{"start":{"line":19,"column":4},"end":{"line":29,"column":6}},"19":{"start":{"line":20,"column":8},"end":{"line":20,"column":55}},"20":{"start":{"line":21,"column":8},"end":{"line":28,"column":9}},"21":{"start":{"line":22,"column":12},"end":{"line":22,"column":49}},"22":{"start":{"line":25,"column":12},"end":{"line":25,"column":46}},"23":{"start":{"line":26,"column":12},"end":{"line":26,"column":25}},"24":{"start":{"line":27,"column":12},"end":{"line":27,"column":23}},"25":{"start":{"line":30,"column":4},"end":{"line":36,"column":6}},"26":{"start":{"line":31,"column":8},"end":{"line":31,"column":25}},"27":{"start":{"line":32,"column":8},"end":{"line":32,"column":35}},"28":{"start":{"line":33,"column":8},"end":{"line":35,"column":11}},"29":{"start":{"line":34,"column":12},"end":{"line":34,"column":369}},"30":{"start":{"line":34,"column":271},"end":{"line":34,"column":299}},"31":{"start":{"line":37,"column":4},"end":{"line":40,"column":6}},"32":{"start":{"line":38,"column":8},"end":{"line":38,"column":51}},"33":{"start":{"line":39,"column":8},"end":{"line":39,"column":224}},"34":{"start":{"line":41,"column":4},"end":{"line":41,"column":19}},"35":{"start":{"line":43,"column":0},"end":{"line":43,"column":62}},"36":{"start":{"line":44,"column":0},"end":{"line":44,"column":26}}},"branchMap":{"1":{"line":1,"type":"binary-expr","locations":[{"start":{"line":1,"column":17},"end":{"line":1,"column":21}},{"start":{"line":1,"column":25},"end":{"line":1,"column":39}},{"start":{"line":1,"column":44},"end":{"line":5,"column":1}}]},"2":{"line":2,"type":"if","locations":[{"start":{"line":2,"column":21},"end":{"line":2,"column":21}},{"start":{"line":2,"column":21},"end":{"line":2,"column":21}}]},"3":{"line":4,"type":"cond-expr","locations":[{"start":{"line":4,"column":31},"end":{"line":4,"column":47}},{"start":{"line":4,"column":51},"end":{"line":4,"column":87}}]},"4":{"line":21,"type":"if","locations":[{"start":{"line":21,"column":8},"end":{"line":21,"column":8}},{"start":{"line":21,"column":8},"end":{"line":21,"column":8}}]}}},"/home/ten/ruby_project/memo_dock/lib/alt/test/built/src/components/title-list.js":{"path":"/home/ten/ruby_project/memo_dock/lib/alt/test/built/src/components/title-list.js","s":{"1":0,"2":0,"3":0,"4":0,"5":0,"6":0,"7":0,"8":0,"9":0,"10":0,"11":0,"12":0,"13":0,"14":0,"15":0,"16":0,"17":0,"18":0,"19":0,"20":0,"21":0,"22":0,"23":0,"24":0,"25":0,"26":0,"27":0,"28":0,"29":0,"30":0},"b":{"1":[0,0,0],"2":[0,0],"3":[0,0],"4":[0,0],"5":[0,0]},"f":{"1":0,"2":0,"3":0,"4":0,"5":0,"6":0,"7":0,"8":0,"9":0,"10":0},"fnMap":{"1":{"name":"(anonymous_1)","line":1,"loc":{"start":{"line":1,"column":44},"end":{"line":1,"column":60}}},"2":{"name":"__","line":3,"loc":{"start":{"line":3,"column":4},"end":{"line":3,"column":18}}},"3":{"name":"(anonymous_3)","line":8,"loc":{"start":{"line":8,"column":17},"end":{"line":8,"column":35}}},"4":{"name":"TitleList","line":10,"loc":{"start":{"line":10,"column":4},"end":{"line":10,"column":25}}},"5":{"name":"(anonymous_5)","line":13,"loc":{"start":{"line":13,"column":39},"end":{"line":13,"column":53}}},"6":{"name":"(anonymous_6)","line":16,"loc":{"start":{"line":16,"column":44},"end":{"line":16,"column":58}}},"7":{"name":"(anonymous_7)","line":19,"loc":{"start":{"line":19,"column":37},"end":{"line":19,"column":51}}},"8":{"name":"(anonymous_8)","line":22,"loc":{"start":{"line":22,"column":41},"end":{"line":22,"column":53}}},"9":{"name":"(anonymous_9)","line":25,"loc":{"start":{"line":25,"column":26},"end":{"line":25,"column":42}}},"10":{"name":"(anonymous_10)","line":29,"loc":{"start":{"line":29,"column":33},"end":{"line":29,"column":45}}}},"statementMap":{"1":{"start":{"line":1,"column":0},"end":{"line":5,"column":2}},"2":{"start":{"line":2,"column":4},"end":{"line":2,"column":58}},"3":{"start":{"line":2,"column":21},"end":{"line":2,"column":58}},"4":{"start":{"line":2,"column":46},"end":{"line":2,"column":58}},"5":{"start":{"line":3,"column":4},"end":{"line":3,"column":43}},"6":{"start":{"line":3,"column":20},"end":{"line":3,"column":41}},"7":{"start":{"line":4,"column":4},"end":{"line":4,"column":89}},"8":{"start":{"line":6,"column":0},"end":{"line":6,"column":29}},"9":{"start":{"line":7,"column":0},"end":{"line":7,"column":43}},"10":{"start":{"line":8,"column":0},"end":{"line":34,"column":20}},"11":{"start":{"line":9,"column":4},"end":{"line":9,"column":33}},"12":{"start":{"line":10,"column":4},"end":{"line":12,"column":5}},"13":{"start":{"line":11,"column":8},"end":{"line":11,"column":38}},"14":{"start":{"line":13,"column":4},"end":{"line":15,"column":6}},"15":{"start":{"line":14,"column":8},"end":{"line":14,"column":40}},"16":{"start":{"line":16,"column":4},"end":{"line":18,"column":6}},"17":{"start":{"line":17,"column":8},"end":{"line":17,"column":91}},"18":{"start":{"line":19,"column":4},"end":{"line":21,"column":6}},"19":{"start":{"line":20,"column":8},"end":{"line":20,"column":107}},"20":{"start":{"line":22,"column":4},"end":{"line":28,"column":6}},"21":{"start":{"line":23,"column":8},"end":{"line":23,"column":25}},"22":{"start":{"line":24,"column":8},"end":{"line":24,"column":62}},"23":{"start":{"line":25,"column":8},"end":{"line":27,"column":11}},"24":{"start":{"line":26,"column":12},"end":{"line":26,"column":241}},"25":{"start":{"line":29,"column":4},"end":{"line":32,"column":6}},"26":{"start":{"line":30,"column":8},"end":{"line":30,"column":51}},"27":{"start":{"line":31,"column":8},"end":{"line":31,"column":237}},"28":{"start":{"line":33,"column":4},"end":{"line":33,"column":21}},"29":{"start":{"line":35,"column":0},"end":{"line":35,"column":62}},"30":{"start":{"line":36,"column":0},"end":{"line":36,"column":28}}},"branchMap":{"1":{"line":1,"type":"binary-expr","locations":[{"start":{"line":1,"column":17},"end":{"line":1,"column":21}},{"start":{"line":1,"column":25},"end":{"line":1,"column":39}},{"start":{"line":1,"column":44},"end":{"line":5,"column":1}}]},"2":{"line":2,"type":"if","locations":[{"start":{"line":2,"column":21},"end":{"line":2,"column":21}},{"start":{"line":2,"column":21},"end":{"line":2,"column":21}}]},"3":{"line":4,"type":"cond-expr","locations":[{"start":{"line":4,"column":31},"end":{"line":4,"column":47}},{"start":{"line":4,"column":51},"end":{"line":4,"column":87}}]},"4":{"line":17,"type":"cond-expr","locations":[{"start":{"line":17,"column":39},"end":{"line":17,"column":69}},{"start":{"line":17,"column":72},"end":{"line":17,"column":90}}]},"5":{"line":20,"type":"cond-expr","locations":[{"start":{"line":20,"column":39},"end":{"line":20,"column":43}},{"start":{"line":20,"column":46},"end":{"line":20,"column":106}}]}}},"/home/ten/ruby_project/memo_dock/lib/alt/test/built/src/containers/app.js":{"path":"/home/ten/ruby_project/memo_dock/lib/alt/test/built/src/containers/app.js","s":{"1":0,"2":0,"3":0,"4":0,"5":0,"6":0,"7":0,"8":0,"9":0,"10":0,"11":0,"12":0,"13":0,"14":0,"15":0,"16":0,"17":0,"18":0,"19":0,"20":0,"21":0,"22":0,"23":0,"24":0,"25":0,"26":0,"27":0,"28":0,"29":0,"30":0,"31":0,"32":0,"33":0,"34":0,"35":0,"36":0,"37":0,"38":0,"39":0,"40":0,"41":0,"42":0,"43":0,"44":0,"45":0,"46":0,"47":0,"48":0,"49":0,"50":0,"51":0,"52":0,"53":0,"54":0,"55":0,"56":0,"57":0,"58":0,"59":0,"60":0,"61":0,"62":0,"63":0,"64":0,"65":0,"66":0,"67":0,"68":0,"69":0,"70":0,"71":0,"72":0,"73":0,"74":0,"75":0,"76":0,"77":0,"78":0,"79":0,"80":0,"81":0,"82":0,"83":0,"84":0,"85":0,"86":0,"87":0,"88":0,"89":0,"90":0,"91":0,"92":0,"93":0,"94":0,"95":0,"96":0,"97":0,"98":0,"99":0,"100":0,"101":0,"102":0,"103":0,"104":0,"105":0,"106":0,"107":0,"108":0,"109":0,"110":0,"111":0,"112":0,"113":0,"114":0,"115":0},"b":{"1":[0,0,0],"2":[0,0],"3":[0,0],"4":[0,0],"5":[0,0],"6":[0,0],"7":[0,0],"8":[0,0],"9":[0,0],"10":[0,0],"11":[0,0],"12":[0,0],"13":[0,0,0],"14":[0,0],"15":[0,0],"16":[0,0],"17":[0,0]},"f":{"1":0,"2":0,"3":0,"4":0,"5":0,"6":0,"7":0,"8":0,"9":0,"10":0,"11":0,"12":0,"13":0,"14":0,"15":0,"16":0,"17":0,"18":0,"19":0,"20":0,"21":0},"fnMap":{"1":{"name":"(anonymous_1)","line":2,"loc":{"start":{"line":2,"column":44},"end":{"line":2,"column":60}}},"2":{"name":"__","line":4,"loc":{"start":{"line":4,"column":4},"end":{"line":4,"column":18}}},"3":{"name":"(anonymous_3)","line":21,"loc":{"start":{"line":21,"column":11},"end":{"line":21,"column":29}}},"4":{"name":"App","line":23,"loc":{"start":{"line":23,"column":4},"end":{"line":23,"column":24}}},"5":{"name":"(anonymous_5)","line":35,"loc":{"start":{"line":35,"column":38},"end":{"line":35,"column":50}}},"6":{"name":"(anonymous_6)","line":39,"loc":{"start":{"line":39,"column":39},"end":{"line":39,"column":51}}},"7":{"name":"(anonymous_7)","line":42,"loc":{"start":{"line":42,"column":46},"end":{"line":42,"column":67}}},"8":{"name":"(anonymous_8)","line":45,"loc":{"start":{"line":45,"column":34},"end":{"line":45,"column":62}}},"9":{"name":"(anonymous_9)","line":50,"loc":{"start":{"line":50,"column":35},"end":{"line":50,"column":63}}},"10":{"name":"(anonymous_10)","line":55,"loc":{"start":{"line":55,"column":30},"end":{"line":55,"column":54}}},"11":{"name":"(anonymous_11)","line":65,"loc":{"start":{"line":65,"column":29},"end":{"line":65,"column":56}}},"12":{"name":"(anonymous_12)","line":88,"loc":{"start":{"line":88,"column":33},"end":{"line":88,"column":49}}},"13":{"name":"(anonymous_13)","line":94,"loc":{"start":{"line":94,"column":33},"end":{"line":94,"column":49}}},"14":{"name":"(anonymous_14)","line":100,"loc":{"start":{"line":100,"column":36},"end":{"line":100,"column":51}}},"15":{"name":"(anonymous_15)","line":104,"loc":{"start":{"line":104,"column":34},"end":{"line":104,"column":47}}},"16":{"name":"(anonymous_16)","line":106,"loc":{"start":{"line":106,"column":29},"end":{"line":106,"column":46}}},"17":{"name":"(anonymous_17)","line":109,"loc":{"start":{"line":109,"column":30},"end":{"line":109,"column":42}}},"18":{"name":"(anonymous_18)","line":123,"loc":{"start":{"line":123,"column":27},"end":{"line":123,"column":40}}},"19":{"name":"(anonymous_19)","line":132,"loc":{"start":{"line":132,"column":27},"end":{"line":132,"column":39}}},"20":{"name":"mapDispatchToProps","line":141,"loc":{"start":{"line":141,"column":0},"end":{"line":141,"column":38}}},"21":{"name":"mapStateToProps","line":148,"loc":{"start":{"line":148,"column":0},"end":{"line":148,"column":32}}}},"statementMap":{"1":{"start":{"line":2,"column":0},"end":{"line":6,"column":2}},"2":{"start":{"line":3,"column":4},"end":{"line":3,"column":58}},"3":{"start":{"line":3,"column":21},"end":{"line":3,"column":58}},"4":{"start":{"line":3,"column":46},"end":{"line":3,"column":58}},"5":{"start":{"line":4,"column":4},"end":{"line":4,"column":43}},"6":{"start":{"line":4,"column":20},"end":{"line":4,"column":41}},"7":{"start":{"line":5,"column":4},"end":{"line":5,"column":89}},"8":{"start":{"line":7,"column":0},"end":{"line":7,"column":29}},"9":{"start":{"line":8,"column":0},"end":{"line":8,"column":29}},"10":{"start":{"line":9,"column":0},"end":{"line":9,"column":43}},"11":{"start":{"line":10,"column":0},"end":{"line":10,"column":45}},"12":{"start":{"line":11,"column":0},"end":{"line":11,"column":51}},"13":{"start":{"line":12,"column":0},"end":{"line":12,"column":55}},"14":{"start":{"line":13,"column":0},"end":{"line":13,"column":43}},"15":{"start":{"line":14,"column":0},"end":{"line":14,"column":44}},"16":{"start":{"line":15,"column":0},"end":{"line":15,"column":42}},"17":{"start":{"line":16,"column":0},"end":{"line":16,"column":48}},"18":{"start":{"line":17,"column":0},"end":{"line":17,"column":49}},"19":{"start":{"line":18,"column":0},"end":{"line":18,"column":45}},"20":{"start":{"line":19,"column":0},"end":{"line":19,"column":27}},"21":{"start":{"line":20,"column":0},"end":{"line":20,"column":17}},"22":{"start":{"line":21,"column":0},"end":{"line":140,"column":20}},"23":{"start":{"line":22,"column":4},"end":{"line":22,"column":27}},"24":{"start":{"line":23,"column":4},"end":{"line":34,"column":5}},"25":{"start":{"line":24,"column":8},"end":{"line":24,"column":33}},"26":{"start":{"line":25,"column":8},"end":{"line":28,"column":10}},"27":{"start":{"line":29,"column":8},"end":{"line":29,"column":49}},"28":{"start":{"line":30,"column":8},"end":{"line":30,"column":51}},"29":{"start":{"line":31,"column":8},"end":{"line":31,"column":61}},"30":{"start":{"line":32,"column":8},"end":{"line":32,"column":59}},"31":{"start":{"line":33,"column":8},"end":{"line":33,"column":51}},"32":{"start":{"line":35,"column":4},"end":{"line":38,"column":6}},"33":{"start":{"line":36,"column":8},"end":{"line":36,"column":49}},"34":{"start":{"line":37,"column":8},"end":{"line":37,"column":22}},"35":{"start":{"line":39,"column":4},"end":{"line":41,"column":6}},"36":{"start":{"line":40,"column":8},"end":{"line":40,"column":34}},"37":{"start":{"line":42,"column":4},"end":{"line":44,"column":6}},"38":{"start":{"line":43,"column":8},"end":{"line":43,"column":45}},"39":{"start":{"line":45,"column":4},"end":{"line":49,"column":6}},"40":{"start":{"line":46,"column":8},"end":{"line":46,"column":52}},"41":{"start":{"line":47,"column":8},"end":{"line":47,"column":80}},"42":{"start":{"line":48,"column":8},"end":{"line":48,"column":80}},"43":{"start":{"line":50,"column":4},"end":{"line":54,"column":6}},"44":{"start":{"line":51,"column":8},"end":{"line":51,"column":48}},"45":{"start":{"line":52,"column":8},"end":{"line":52,"column":46}},"46":{"start":{"line":53,"column":8},"end":{"line":53,"column":80}},"47":{"start":{"line":55,"column":4},"end":{"line":64,"column":6}},"48":{"start":{"line":56,"column":8},"end":{"line":56,"column":52}},"49":{"start":{"line":57,"column":8},"end":{"line":63,"column":9}},"50":{"start":{"line":58,"column":12},"end":{"line":58,"column":48}},"51":{"start":{"line":59,"column":12},"end":{"line":59,"column":69}},"52":{"start":{"line":62,"column":12},"end":{"line":62,"column":49}},"53":{"start":{"line":65,"column":4},"end":{"line":87,"column":6}},"54":{"start":{"line":66,"column":8},"end":{"line":66,"column":53}},"55":{"start":{"line":66,"column":35},"end":{"line":66,"column":51}},"56":{"start":{"line":67,"column":8},"end":{"line":67,"column":61}},"57":{"start":{"line":68,"column":8},"end":{"line":68,"column":36}},"58":{"start":{"line":69,"column":8},"end":{"line":79,"column":9}},"59":{"start":{"line":70,"column":12},"end":{"line":70,"column":40}},"60":{"start":{"line":71,"column":12},"end":{"line":71,"column":42}},"61":{"start":{"line":73,"column":13},"end":{"line":79,"column":9}},"62":{"start":{"line":74,"column":12},"end":{"line":74,"column":55}},"63":{"start":{"line":75,"column":12},"end":{"line":75,"column":42}},"64":{"start":{"line":76,"column":12},"end":{"line":76,"column":44}},"65":{"start":{"line":77,"column":12},"end":{"line":77,"column":42}},"66":{"start":{"line":78,"column":12},"end":{"line":78,"column":54}},"67":{"start":{"line":80,"column":8},"end":{"line":82,"column":9}},"68":{"start":{"line":81,"column":12},"end":{"line":81,"column":38}},"69":{"start":{"line":83,"column":8},"end":{"line":86,"column":9}},"70":{"start":{"line":84,"column":12},"end":{"line":84,"column":69}},"71":{"start":{"line":85,"column":12},"end":{"line":85,"column":42}},"72":{"start":{"line":88,"column":4},"end":{"line":93,"column":6}},"73":{"start":{"line":89,"column":8},"end":{"line":91,"column":9}},"74":{"start":{"line":90,"column":12},"end":{"line":90,"column":25}},"75":{"start":{"line":92,"column":8},"end":{"line":92,"column":83}},"76":{"start":{"line":94,"column":4},"end":{"line":99,"column":6}},"77":{"start":{"line":95,"column":8},"end":{"line":97,"column":9}},"78":{"start":{"line":96,"column":12},"end":{"line":96,"column":25}},"79":{"start":{"line":98,"column":8},"end":{"line":98,"column":67}},"80":{"start":{"line":100,"column":4},"end":{"line":105,"column":6}},"81":{"start":{"line":101,"column":8},"end":{"line":103,"column":9}},"82":{"start":{"line":102,"column":12},"end":{"line":102,"column":22}},"83":{"start":{"line":104,"column":8},"end":{"line":104,"column":63}},"84":{"start":{"line":104,"column":49},"end":{"line":104,"column":59}},"85":{"start":{"line":106,"column":4},"end":{"line":108,"column":6}},"86":{"start":{"line":107,"column":8},"end":{"line":107,"column":31}},"87":{"start":{"line":109,"column":4},"end":{"line":122,"column":6}},"88":{"start":{"line":110,"column":8},"end":{"line":110,"column":45}},"89":{"start":{"line":111,"column":8},"end":{"line":111,"column":41}},"90":{"start":{"line":112,"column":8},"end":{"line":120,"column":9}},"91":{"start":{"line":113,"column":12},"end":{"line":113,"column":69}},"92":{"start":{"line":114,"column":12},"end":{"line":114,"column":75}},"93":{"start":{"line":115,"column":12},"end":{"line":115,"column":31}},"94":{"start":{"line":116,"column":12},"end":{"line":116,"column":31}},"95":{"start":{"line":119,"column":12},"end":{"line":119,"column":27}},"96":{"start":{"line":121,"column":8},"end":{"line":121,"column":20}},"97":{"start":{"line":123,"column":4},"end":{"line":131,"column":6}},"98":{"start":{"line":124,"column":8},"end":{"line":124,"column":39}},"99":{"start":{"line":124,"column":28},"end":{"line":124,"column":37}},"100":{"start":{"line":125,"column":8},"end":{"line":125,"column":32}},"101":{"start":{"line":126,"column":8},"end":{"line":126,"column":57}},"102":{"start":{"line":127,"column":8},"end":{"line":130,"column":11}},"103":{"start":{"line":132,"column":4},"end":{"line":138,"column":6}},"104":{"start":{"line":133,"column":8},"end":{"line":133,"column":122}},"105":{"start":{"line":134,"column":8},"end":{"line":134,"column":86}},"106":{"start":{"line":135,"column":8},"end":{"line":135,"column":168}},"107":{"start":{"line":136,"column":8},"end":{"line":136,"column":147}},"108":{"start":{"line":137,"column":8},"end":{"line":137,"column":679}},"109":{"start":{"line":139,"column":4},"end":{"line":139,"column":15}},"110":{"start":{"line":141,"column":0},"end":{"line":147,"column":1}},"111":{"start":{"line":142,"column":4},"end":{"line":146,"column":6}},"112":{"start":{"line":148,"column":0},"end":{"line":150,"column":1}},"113":{"start":{"line":149,"column":4},"end":{"line":149,"column":28}},"114":{"start":{"line":151,"column":0},"end":{"line":151,"column":62}},"115":{"start":{"line":152,"column":0},"end":{"line":152,"column":82}}},"branchMap":{"1":{"line":2,"type":"binary-expr","locations":[{"start":{"line":2,"column":17},"end":{"line":2,"column":21}},{"start":{"line":2,"column":25},"end":{"line":2,"column":39}},{"start":{"line":2,"column":44},"end":{"line":6,"column":1}}]},"2":{"line":3,"type":"if","locations":[{"start":{"line":3,"column":21},"end":{"line":3,"column":21}},{"start":{"line":3,"column":21},"end":{"line":3,"column":21}}]},"3":{"line":5,"type":"cond-expr","locations":[{"start":{"line":5,"column":31},"end":{"line":5,"column":47}},{"start":{"line":5,"column":51},"end":{"line":5,"column":87}}]},"4":{"line":57,"type":"if","locations":[{"start":{"line":57,"column":8},"end":{"line":57,"column":8}},{"start":{"line":57,"column":8},"end":{"line":57,"column":8}}]},"5":{"line":66,"type":"if","locations":[{"start":{"line":66,"column":8},"end":{"line":66,"column":8}},{"start":{"line":66,"column":8},"end":{"line":66,"column":8}}]},"6":{"line":69,"type":"if","locations":[{"start":{"line":69,"column":8},"end":{"line":69,"column":8}},{"start":{"line":69,"column":8},"end":{"line":69,"column":8}}]},"7":{"line":69,"type":"binary-expr","locations":[{"start":{"line":69,"column":12},"end":{"line":69,"column":25}},{"start":{"line":69,"column":29},"end":{"line":69,"column":64}}]},"8":{"line":73,"type":"if","locations":[{"start":{"line":73,"column":13},"end":{"line":73,"column":13}},{"start":{"line":73,"column":13},"end":{"line":73,"column":13}}]},"9":{"line":80,"type":"if","locations":[{"start":{"line":80,"column":8},"end":{"line":80,"column":8}},{"start":{"line":80,"column":8},"end":{"line":80,"column":8}}]},"10":{"line":83,"type":"if","locations":[{"start":{"line":83,"column":8},"end":{"line":83,"column":8}},{"start":{"line":83,"column":8},"end":{"line":83,"column":8}}]},"11":{"line":89,"type":"if","locations":[{"start":{"line":89,"column":8},"end":{"line":89,"column":8}},{"start":{"line":89,"column":8},"end":{"line":89,"column":8}}]},"12":{"line":89,"type":"binary-expr","locations":[{"start":{"line":89,"column":12},"end":{"line":89,"column":14}},{"start":{"line":89,"column":18},"end":{"line":89,"column":20}}]},"13":{"line":92,"type":"binary-expr","locations":[{"start":{"line":92,"column":16},"end":{"line":92,"column":22}},{"start":{"line":92,"column":26},"end":{"line":92,"column":42}},{"start":{"line":92,"column":47},"end":{"line":92,"column":82}}]},"14":{"line":95,"type":"if","locations":[{"start":{"line":95,"column":8},"end":{"line":95,"column":8}},{"start":{"line":95,"column":8},"end":{"line":95,"column":8}}]},"15":{"line":95,"type":"binary-expr","locations":[{"start":{"line":95,"column":12},"end":{"line":95,"column":14}},{"start":{"line":95,"column":18},"end":{"line":95,"column":20}}]},"16":{"line":101,"type":"if","locations":[{"start":{"line":101,"column":8},"end":{"line":101,"column":8}},{"start":{"line":101,"column":8},"end":{"line":101,"column":8}}]},"17":{"line":124,"type":"if","locations":[{"start":{"line":124,"column":8},"end":{"line":124,"column":8}},{"start":{"line":124,"column":8},"end":{"line":124,"column":8}}]}}},"/home/ten/ruby_project/memo_dock/lib/alt/test/built/src/lib/components/fa.js":{"path":"/home/ten/ruby_project/memo_dock/lib/alt/test/built/src/lib/components/fa.js","s":{"1":0,"2":0,"3":0,"4":0,"5":0,"6":0,"7":0,"8":0,"9":0,"10":0,"11":0,"12":0,"13":0,"14":0,"15":0,"16":0,"17":0,"18":0,"19":0,"20":0,"21":0,"22":0,"23":0,"24":0,"25":0,"26":0,"27":0,"28":0,"29":0},"b":{"1":[0,0,0],"2":[0,0],"3":[0,0],"4":[0,0],"5":[0,0,0],"6":[0,0],"7":[0,0],"8":[0,0],"9":[0,0],"10":[0,0],"11":[0,0]},"f":{"1":0,"2":0,"3":0,"4":0,"5":0},"fnMap":{"1":{"name":"(anonymous_1)","line":1,"loc":{"start":{"line":1,"column":44},"end":{"line":1,"column":60}}},"2":{"name":"__","line":3,"loc":{"start":{"line":3,"column":4},"end":{"line":3,"column":18}}},"3":{"name":"(anonymous_3)","line":8,"loc":{"start":{"line":8,"column":10},"end":{"line":8,"column":28}}},"4":{"name":"Fa","line":10,"loc":{"start":{"line":10,"column":4},"end":{"line":10,"column":18}}},"5":{"name":"(anonymous_5)","line":13,"loc":{"start":{"line":13,"column":26},"end":{"line":13,"column":38}}}},"statementMap":{"1":{"start":{"line":1,"column":0},"end":{"line":5,"column":2}},"2":{"start":{"line":2,"column":4},"end":{"line":2,"column":58}},"3":{"start":{"line":2,"column":21},"end":{"line":2,"column":58}},"4":{"start":{"line":2,"column":46},"end":{"line":2,"column":58}},"5":{"start":{"line":3,"column":4},"end":{"line":3,"column":43}},"6":{"start":{"line":3,"column":20},"end":{"line":3,"column":41}},"7":{"start":{"line":4,"column":4},"end":{"line":4,"column":89}},"8":{"start":{"line":6,"column":0},"end":{"line":6,"column":29}},"9":{"start":{"line":7,"column":0},"end":{"line":7,"column":31}},"10":{"start":{"line":8,"column":0},"end":{"line":28,"column":22}},"11":{"start":{"line":9,"column":4},"end":{"line":9,"column":26}},"12":{"start":{"line":10,"column":4},"end":{"line":12,"column":5}},"13":{"start":{"line":11,"column":8},"end":{"line":11,"column":38}},"14":{"start":{"line":13,"column":4},"end":{"line":26,"column":6}},"15":{"start":{"line":14,"column":8},"end":{"line":14,"column":27}},"16":{"start":{"line":15,"column":8},"end":{"line":15,"column":29}},"17":{"start":{"line":16,"column":8},"end":{"line":16,"column":37}},"18":{"start":{"line":17,"column":8},"end":{"line":17,"column":55}},"19":{"start":{"line":18,"column":8},"end":{"line":18,"column":74}},"20":{"start":{"line":19,"column":8},"end":{"line":19,"column":40}},"21":{"start":{"line":20,"column":8},"end":{"line":20,"column":46}},"22":{"start":{"line":21,"column":8},"end":{"line":21,"column":52}},"23":{"start":{"line":22,"column":8},"end":{"line":22,"column":57}},"24":{"start":{"line":23,"column":8},"end":{"line":23,"column":58}},"25":{"start":{"line":24,"column":8},"end":{"line":24,"column":57}},"26":{"start":{"line":25,"column":8},"end":{"line":25,"column":74}},"27":{"start":{"line":27,"column":4},"end":{"line":27,"column":14}},"28":{"start":{"line":29,"column":0},"end":{"line":29,"column":62}},"29":{"start":{"line":30,"column":0},"end":{"line":30,"column":21}}},"branchMap":{"1":{"line":1,"type":"binary-expr","locations":[{"start":{"line":1,"column":17},"end":{"line":1,"column":21}},{"start":{"line":1,"column":25},"end":{"line":1,"column":39}},{"start":{"line":1,"column":44},"end":{"line":5,"column":1}}]},"2":{"line":2,"type":"if","locations":[{"start":{"line":2,"column":21},"end":{"line":2,"column":21}},{"start":{"line":2,"column":21},"end":{"line":2,"column":21}}]},"3":{"line":4,"type":"cond-expr","locations":[{"start":{"line":4,"column":31},"end":{"line":4,"column":47}},{"start":{"line":4,"column":51},"end":{"line":4,"column":87}}]},"4":{"line":17,"type":"binary-expr","locations":[{"start":{"line":17,"column":8},"end":{"line":17,"column":15}},{"start":{"line":17,"column":19},"end":{"line":17,"column":54}}]},"5":{"line":18,"type":"binary-expr","locations":[{"start":{"line":18,"column":9},"end":{"line":18,"column":22}},{"start":{"line":18,"column":26},"end":{"line":18,"column":47}},{"start":{"line":18,"column":52},"end":{"line":18,"column":73}}]},"6":{"line":19,"type":"binary-expr","locations":[{"start":{"line":19,"column":8},"end":{"line":19,"column":14}},{"start":{"line":19,"column":18},"end":{"line":19,"column":39}}]},"7":{"line":20,"type":"binary-expr","locations":[{"start":{"line":20,"column":8},"end":{"line":20,"column":16}},{"start":{"line":20,"column":20},"end":{"line":20,"column":45}}]},"8":{"line":21,"type":"binary-expr","locations":[{"start":{"line":21,"column":8},"end":{"line":21,"column":14}},{"start":{"line":21,"column":18},"end":{"line":21,"column":51}}]},"9":{"line":22,"type":"binary-expr","locations":[{"start":{"line":22,"column":8},"end":{"line":22,"column":19}},{"start":{"line":22,"column":23},"end":{"line":22,"column":56}}]},"10":{"line":23,"type":"binary-expr","locations":[{"start":{"line":23,"column":8},"end":{"line":23,"column":16}},{"start":{"line":23,"column":20},"end":{"line":23,"column":57}}]},"11":{"line":24,"type":"binary-expr","locations":[{"start":{"line":24,"column":8},"end":{"line":24,"column":14}},{"start":{"line":24,"column":18},"end":{"line":24,"column":56}}]}}},"/home/ten/ruby_project/memo_dock/lib/alt/test/built/src/lib/path-manip.js":{"path":"/home/ten/ruby_project/memo_dock/lib/alt/test/built/src/lib/path-manip.js","s":{"1":0,"2":0,"3":0,"4":0,"5":0,"6":0,"7":0,"8":0,"9":0,"10":0,"11":0,"12":0,"13":0,"14":0,"15":0,"16":0,"17":0},"b":{"1":[0,0],"2":[0,0],"3":[0,0]},"f":{"1":0,"2":0,"3":0,"4":0},"fnMap":{"1":{"name":"pickQueryString","line":2,"loc":{"start":{"line":2,"column":0},"end":{"line":2,"column":27}}},"2":{"name":"pickPath","line":7,"loc":{"start":{"line":7,"column":0},"end":{"line":7,"column":20}}},"3":{"name":"buildQueryString","line":11,"loc":{"start":{"line":11,"column":0},"end":{"line":11,"column":32}}},"4":{"name":"(anonymous_4)","line":13,"loc":{"start":{"line":13,"column":22},"end":{"line":13,"column":36}}}},"statementMap":{"1":{"start":{"line":1,"column":0},"end":{"line":1,"column":26}},"2":{"start":{"line":2,"column":0},"end":{"line":5,"column":1}},"3":{"start":{"line":3,"column":4},"end":{"line":3,"column":45}},"4":{"start":{"line":4,"column":4},"end":{"line":4,"column":35}},"5":{"start":{"line":6,"column":0},"end":{"line":6,"column":42}},"6":{"start":{"line":7,"column":0},"end":{"line":9,"column":1}},"7":{"start":{"line":8,"column":4},"end":{"line":8,"column":77}},"8":{"start":{"line":10,"column":0},"end":{"line":10,"column":28}},"9":{"start":{"line":11,"column":0},"end":{"line":22,"column":1}},"10":{"start":{"line":12,"column":4},"end":{"line":12,"column":20}},"11":{"start":{"line":13,"column":4},"end":{"line":17,"column":7}},"12":{"start":{"line":14,"column":8},"end":{"line":16,"column":9}},"13":{"start":{"line":15,"column":12},"end":{"line":15,"column":38}},"14":{"start":{"line":18,"column":4},"end":{"line":20,"column":5}},"15":{"start":{"line":19,"column":8},"end":{"line":19,"column":18}},"16":{"start":{"line":21,"column":4},"end":{"line":21,"column":34}},"17":{"start":{"line":23,"column":0},"end":{"line":23,"column":44}}},"branchMap":{"1":{"line":4,"type":"cond-expr","locations":[{"start":{"line":4,"column":20},"end":{"line":4,"column":29}},{"start":{"line":4,"column":32},"end":{"line":4,"column":34}}]},"2":{"line":14,"type":"if","locations":[{"start":{"line":14,"column":8},"end":{"line":14,"column":8}},{"start":{"line":14,"column":8},"end":{"line":14,"column":8}}]},"3":{"line":18,"type":"if","locations":[{"start":{"line":18,"column":4},"end":{"line":18,"column":4}},{"start":{"line":18,"column":4},"end":{"line":18,"column":4}}]}}},"/home/ten/ruby_project/memo_dock/lib/alt/test/built/src/models/memo-index-data.js":{"path":"/home/ten/ruby_project/memo_dock/lib/alt/test/built/src/models/memo-index-data.js","s":{"1":0,"2":0,"3":0,"4":0,"5":0,"6":0,"7":0,"8":0,"9":0,"10":0,"11":0,"12":0,"13":0,"14":0,"15":0,"16":0,"17":0,"18":0,"19":0,"20":0,"21":0,"22":0,"23":0,"24":0,"25":0,"26":0},"b":{"1":[0,0],"2":[0,0],"3":[0,0],"4":[0,0],"5":[0,0],"6":[0,0]},"f":{"1":0,"2":0,"3":0,"4":0},"fnMap":{"1":{"name":"(anonymous_1)","line":1,"loc":{"start":{"line":1,"column":21},"end":{"line":1,"column":33}}},"2":{"name":"MemoIndexData","line":2,"loc":{"start":{"line":2,"column":4},"end":{"line":2,"column":60}}},"3":{"name":"(anonymous_3)","line":17,"loc":{"start":{"line":17,"column":44},"end":{"line":17,"column":56}}},"4":{"name":"(anonymous_4)","line":20,"loc":{"start":{"line":20,"column":36},"end":{"line":20,"column":48}}}},"statementMap":{"1":{"start":{"line":1,"column":0},"end":{"line":24,"column":5}},"2":{"start":{"line":2,"column":4},"end":{"line":16,"column":5}},"3":{"start":{"line":3,"column":8},"end":{"line":3,"column":45}},"4":{"start":{"line":3,"column":32},"end":{"line":3,"column":43}},"5":{"start":{"line":4,"column":8},"end":{"line":4,"column":42}},"6":{"start":{"line":4,"column":31},"end":{"line":4,"column":40}},"7":{"start":{"line":5,"column":8},"end":{"line":5,"column":40}},"8":{"start":{"line":5,"column":30},"end":{"line":5,"column":38}},"9":{"start":{"line":6,"column":8},"end":{"line":6,"column":44}},"10":{"start":{"line":6,"column":32},"end":{"line":6,"column":42}},"11":{"start":{"line":7,"column":8},"end":{"line":7,"column":47}},"12":{"start":{"line":7,"column":33},"end":{"line":7,"column":45}},"13":{"start":{"line":8,"column":8},"end":{"line":8,"column":27}},"14":{"start":{"line":9,"column":8},"end":{"line":9,"column":25}},"15":{"start":{"line":10,"column":8},"end":{"line":10,"column":23}},"16":{"start":{"line":11,"column":8},"end":{"line":11,"column":27}},"17":{"start":{"line":12,"column":8},"end":{"line":12,"column":29}},"18":{"start":{"line":13,"column":8},"end":{"line":15,"column":9}},"19":{"start":{"line":14,"column":12},"end":{"line":14,"column":31}},"20":{"start":{"line":17,"column":4},"end":{"line":19,"column":6}},"21":{"start":{"line":18,"column":8},"end":{"line":18,"column":36}},"22":{"start":{"line":20,"column":4},"end":{"line":22,"column":6}},"23":{"start":{"line":21,"column":8},"end":{"line":21,"column":100}},"24":{"start":{"line":23,"column":4},"end":{"line":23,"column":25}},"25":{"start":{"line":25,"column":0},"end":{"line":25,"column":62}},"26":{"start":{"line":26,"column":0},"end":{"line":26,"column":32}}},"branchMap":{"1":{"line":3,"type":"if","locations":[{"start":{"line":3,"column":8},"end":{"line":3,"column":8}},{"start":{"line":3,"column":8},"end":{"line":3,"column":8}}]},"2":{"line":4,"type":"if","locations":[{"start":{"line":4,"column":8},"end":{"line":4,"column":8}},{"start":{"line":4,"column":8},"end":{"line":4,"column":8}}]},"3":{"line":5,"type":"if","locations":[{"start":{"line":5,"column":8},"end":{"line":5,"column":8}},{"start":{"line":5,"column":8},"end":{"line":5,"column":8}}]},"4":{"line":6,"type":"if","locations":[{"start":{"line":6,"column":8},"end":{"line":6,"column":8}},{"start":{"line":6,"column":8},"end":{"line":6,"column":8}}]},"5":{"line":7,"type":"if","locations":[{"start":{"line":7,"column":8},"end":{"line":7,"column":8}},{"start":{"line":7,"column":8},"end":{"line":7,"column":8}}]},"6":{"line":13,"type":"if","locations":[{"start":{"line":13,"column":8},"end":{"line":13,"column":8}},{"start":{"line":13,"column":8},"end":{"line":13,"column":8}}]}}},"/home/ten/ruby_project/memo_dock/lib/alt/test/built/src/reader.js":{"path":"/home/ten/ruby_project/memo_dock/lib/alt/test/built/src/reader.js","s":{"1":0,"2":0,"3":0,"4":0,"5":0,"6":0,"7":0,"8":0},"b":{},"f":{},"fnMap":{},"statementMap":{"1":{"start":{"line":2,"column":0},"end":{"line":2,"column":29}},"2":{"start":{"line":3,"column":0},"end":{"line":3,"column":36}},"3":{"start":{"line":4,"column":0},"end":{"line":4,"column":43}},"4":{"start":{"line":5,"column":0},"end":{"line":5,"column":45}},"5":{"start":{"line":6,"column":0},"end":{"line":6,"column":59}},"6":{"start":{"line":7,"column":0},"end":{"line":7,"column":43}},"7":{"start":{"line":8,"column":0},"end":{"line":8,"column":54}},"8":{"start":{"line":9,"column":0},"end":{"line":9,"column":167}}},"branchMap":{}},"/home/ten/ruby_project/memo_dock/lib/alt/test/built/src/reducers/memo.js":{"path":"/home/ten/ruby_project/memo_dock/lib/alt/test/built/src/reducers/memo.js","s":{"1":0,"2":0,"3":0,"4":0,"5":0,"6":0,"7":0,"8":0,"9":0,"10":0,"11":0,"12":0,"13":0,"14":0,"15":0,"16":0,"17":0,"18":0,"19":0,"20":0},"b":{"1":[0,0],"2":[0,0,0],"3":[0,0],"4":[0,0],"5":[0,0]},"f":{"1":0,"2":0,"3":0},"fnMap":{"1":{"name":"memo","line":2,"loc":{"start":{"line":2,"column":0},"end":{"line":2,"column":29}}},"2":{"name":"titles","line":13,"loc":{"start":{"line":13,"column":0},"end":{"line":13,"column":31}}},"3":{"name":"html","line":22,"loc":{"start":{"line":22,"column":0},"end":{"line":22,"column":29}}}},"statementMap":{"1":{"start":{"line":1,"column":0},"end":{"line":1,"column":48}},"2":{"start":{"line":2,"column":0},"end":{"line":12,"column":1}},"3":{"start":{"line":3,"column":4},"end":{"line":3,"column":43}},"4":{"start":{"line":3,"column":28},"end":{"line":3,"column":41}},"5":{"start":{"line":4,"column":4},"end":{"line":11,"column":5}},"6":{"start":{"line":6,"column":12},"end":{"line":6,"column":24}},"7":{"start":{"line":8,"column":12},"end":{"line":8,"column":31}},"8":{"start":{"line":10,"column":12},"end":{"line":10,"column":25}},"9":{"start":{"line":13,"column":0},"end":{"line":21,"column":1}},"10":{"start":{"line":14,"column":4},"end":{"line":14,"column":41}},"11":{"start":{"line":14,"column":28},"end":{"line":14,"column":39}},"12":{"start":{"line":15,"column":4},"end":{"line":20,"column":5}},"13":{"start":{"line":17,"column":12},"end":{"line":17,"column":32}},"14":{"start":{"line":19,"column":12},"end":{"line":19,"column":25}},"15":{"start":{"line":22,"column":0},"end":{"line":25,"column":1}},"16":{"start":{"line":23,"column":4},"end":{"line":23,"column":43}},"17":{"start":{"line":23,"column":28},"end":{"line":23,"column":41}},"18":{"start":{"line":24,"column":4},"end":{"line":24,"column":17}},"19":{"start":{"line":26,"column":0},"end":{"line":26,"column":62}},"20":{"start":{"line":27,"column":0},"end":{"line":27,"column":61}}},"branchMap":{"1":{"line":3,"type":"if","locations":[{"start":{"line":3,"column":4},"end":{"line":3,"column":4}},{"start":{"line":3,"column":4},"end":{"line":3,"column":4}}]},"2":{"line":4,"type":"switch","locations":[{"start":{"line":5,"column":8},"end":{"line":6,"column":24}},{"start":{"line":7,"column":8},"end":{"line":8,"column":31}},{"start":{"line":9,"column":8},"end":{"line":10,"column":25}}]},"3":{"line":14,"type":"if","locations":[{"start":{"line":14,"column":4},"end":{"line":14,"column":4}},{"start":{"line":14,"column":4},"end":{"line":14,"column":4}}]},"4":{"line":15,"type":"switch","locations":[{"start":{"line":16,"column":8},"end":{"line":17,"column":32}},{"start":{"line":18,"column":8},"end":{"line":19,"column":25}}]},"5":{"line":23,"type":"if","locations":[{"start":{"line":23,"column":4},"end":{"line":23,"column":4}},{"start":{"line":23,"column":4},"end":{"line":23,"column":4}}]}}},"/home/ten/ruby_project/memo_dock/lib/alt/test/built/src/reducers/reducers.js":{"path":"/home/ten/ruby_project/memo_dock/lib/alt/test/built/src/reducers/reducers.js","s":{"1":0,"2":0,"3":0,"4":0,"5":0,"6":0,"7":0},"b":{},"f":{},"fnMap":{},"statementMap":{"1":{"start":{"line":2,"column":0},"end":{"line":2,"column":26}},"2":{"start":{"line":3,"column":0},"end":{"line":3,"column":31}},"3":{"start":{"line":4,"column":0},"end":{"line":4,"column":31}},"4":{"start":{"line":5,"column":0},"end":{"line":5,"column":29}},"5":{"start":{"line":6,"column":0},"end":{"line":6,"column":45}},"6":{"start":{"line":7,"column":0},"end":{"line":7,"column":62}},"7":{"start":{"line":8,"column":0},"end":{"line":8,"column":134}}},"branchMap":{}},"/home/ten/ruby_project/memo_dock/lib/alt/test/built/src/reducers/tag.js":{"path":"/home/ten/ruby_project/memo_dock/lib/alt/test/built/src/reducers/tag.js","s":{"1":0,"2":0,"3":0,"4":0,"5":0,"6":0,"7":0,"8":0,"9":0,"10":0,"11":0,"12":0,"13":0,"14":0,"15":0},"b":{"1":[0,0],"2":[0,0],"3":[0,0],"4":[0,0]},"f":{"1":0,"2":0},"fnMap":{"1":{"name":"tags","line":2,"loc":{"start":{"line":2,"column":0},"end":{"line":2,"column":29}}},"2":{"name":"selectedTagIds","line":11,"loc":{"start":{"line":11,"column":0},"end":{"line":11,"column":39}}}},"statementMap":{"1":{"start":{"line":1,"column":0},"end":{"line":1,"column":48}},"2":{"start":{"line":2,"column":0},"end":{"line":10,"column":1}},"3":{"start":{"line":3,"column":4},"end":{"line":3,"column":41}},"4":{"start":{"line":3,"column":28},"end":{"line":3,"column":39}},"5":{"start":{"line":4,"column":4},"end":{"line":9,"column":5}},"6":{"start":{"line":6,"column":12},"end":{"line":6,"column":31}},"7":{"start":{"line":8,"column":12},"end":{"line":8,"column":25}},"8":{"start":{"line":11,"column":0},"end":{"line":19,"column":1}},"9":{"start":{"line":12,"column":4},"end":{"line":12,"column":41}},"10":{"start":{"line":12,"column":28},"end":{"line":12,"column":39}},"11":{"start":{"line":13,"column":4},"end":{"line":18,"column":5}},"12":{"start":{"line":15,"column":12},"end":{"line":15,"column":33}},"13":{"start":{"line":17,"column":12},"end":{"line":17,"column":25}},"14":{"start":{"line":20,"column":0},"end":{"line":20,"column":62}},"15":{"start":{"line":21,"column":0},"end":{"line":21,"column":65}}},"branchMap":{"1":{"line":3,"type":"if","locations":[{"start":{"line":3,"column":4},"end":{"line":3,"column":4}},{"start":{"line":3,"column":4},"end":{"line":3,"column":4}}]},"2":{"line":4,"type":"switch","locations":[{"start":{"line":5,"column":8},"end":{"line":6,"column":31}},{"start":{"line":7,"column":8},"end":{"line":8,"column":25}}]},"3":{"line":12,"type":"if","locations":[{"start":{"line":12,"column":4},"end":{"line":12,"column":4}},{"start":{"line":12,"column":4},"end":{"line":12,"column":4}}]},"4":{"line":13,"type":"switch","locations":[{"start":{"line":14,"column":8},"end":{"line":15,"column":33}},{"start":{"line":16,"column":8},"end":{"line":17,"column":25}}]}}},"/home/ten/ruby_project/memo_dock/lib/alt/test/built/src/routes.js":{"path":"/home/ten/ruby_project/memo_dock/lib/alt/test/built/src/routes.js","s":{"1":0,"2":0,"3":0,"4":0,"5":0},"b":{},"f":{},"fnMap":{},"statementMap":{"1":{"start":{"line":1,"column":0},"end":{"line":1,"column":29}},"2":{"start":{"line":2,"column":0},"end":{"line":2,"column":45}},"3":{"start":{"line":3,"column":0},"end":{"line":3,"column":40}},"4":{"start":{"line":4,"column":0},"end":{"line":4,"column":62}},"5":{"start":{"line":5,"column":0},"end":{"line":5,"column":203}}},"branchMap":{}},"/home/ten/ruby_project/memo_dock/lib/alt/test/built/src/store/configure-store.js":{"path":"/home/ten/ruby_project/memo_dock/lib/alt/test/built/src/store/configure-store.js","s":{"1":0,"2":0,"3":0,"4":0,"5":0,"6":0,"7":0,"8":0,"9":0,"10":0,"11":0},"b":{},"f":{"1":0},"fnMap":{"1":{"name":"configureStore","line":8,"loc":{"start":{"line":8,"column":0},"end":{"line":8,"column":38}}}},"statementMap":{"1":{"start":{"line":1,"column":0},"end":{"line":1,"column":31}},"2":{"start":{"line":2,"column":0},"end":{"line":2,"column":45}},"3":{"start":{"line":3,"column":0},"end":{"line":3,"column":64}},"4":{"start":{"line":4,"column":0},"end":{"line":4,"column":36}},"5":{"start":{"line":5,"column":0},"end":{"line":5,"column":35}},"6":{"start":{"line":6,"column":0},"end":{"line":6,"column":49}},"7":{"start":{"line":7,"column":0},"end":{"line":7,"column":185}},"8":{"start":{"line":8,"column":0},"end":{"line":10,"column":1}},"9":{"start":{"line":9,"column":4},"end":{"line":9,"column":62}},"10":{"start":{"line":11,"column":0},"end":{"line":11,"column":62}},"11":{"start":{"line":12,"column":0},"end":{"line":12,"column":33}}},"branchMap":{}}}